OpenROAD 0.9.0 1415572a73
This program is licensed under the BSD-3 license. See the LICENSE file for details.
Components of this program may be licensed under more restrictive licenses which must be honored.
Notice 0: Reading LEF file:  /openLANE_flow/designs/picorv32a/runs/16-09_17-39/tmp/merged_unpadded.lef
Notice 0:     Created 13 technology layers
Notice 0:     Created 25 technology vias
Notice 0:     Created 442 library cells
Notice 0: Finished LEF file:  /openLANE_flow/designs/picorv32a/runs/16-09_17-39/tmp/merged_unpadded.lef
Notice 0: 
Reading DEF file: /openLANE_flow/designs/picorv32a/runs/16-09_17-39/tmp/floorplan/12-pdn.def
Notice 0: Design: picorv32a
Notice 0:     Created 411 pins.
Notice 0:     Created 15646 components and 117109 component-terminals.
Notice 0:     Created 2 special nets and 0 connections.
Notice 0:     Created 15748 nets and 57591 connections.
Notice 0: Finished DEF file: /openLANE_flow/designs/picorv32a/runs/16-09_17-39/tmp/floorplan/12-pdn.def
Min routing layer: 2
Max routing layer: 6
Global adjustment: 0.1
Unidirectional routing: true
Grid origin: (0, 0)
[INFO GRT-0004] #DB Obstructions: 0
[INFO GRT-0005] #DB Obstacles: 590790
[INFO GRT-0006] #DB Macros: 0
[INFO GRT-0017] Found 0 clock nets
